2025-07-05 02:53:43 | INFO     | __main__:<module>:70 - ----------========== Starting MD ==========----------
2025-07-05 02:53:43 | INFO     | __main__:<module>:217 - Generating forcefield for SMILES: C(=O)(NC)C
2025-07-05 02:53:44 | INFO     | __main__:<module>:219 - Generating initial PDB structure and saving to /home/bfd21/rds/rds-ab_non_specific-7ZL1FWpHG4k/pyclops/pyclops/losses/kdes/_records/_simulations/amide
2025-07-05 02:54:02 | INFO     | __main__:<module>:222 - Creating OpenMM system with PME and 1nm cutoff
2025-07-05 02:54:09 | INFO     | __main__:<module>:281 - Identifying non-water atoms and creating filtered PDB
2025-07-05 02:54:09 | INFO     | __main__:<module>:285 - Found 12 non-water atoms out of 2880 total atoms
2025-07-05 02:54:09 | INFO     | __main__:<module>:289 - Starting MD simulations for 10 seeds with 5000000 steps each
2025-07-05 02:54:09 | INFO     | __main__:<module>:291 - Starting simulation for seed 0
2025-07-05 02:54:13 | INFO     | __main__:<module>:345 - Running 5000000 MD steps for seed 0
2025-07-05 03:10:40 | INFO     | __main__:<module>:347 - Completed simulation for seed 0
2025-07-05 03:10:40 | INFO     | __main__:<module>:291 - Starting simulation for seed 1
2025-07-05 03:10:41 | INFO     | __main__:<module>:345 - Running 5000000 MD steps for seed 1
2025-07-05 03:28:32 | INFO     | __main__:<module>:347 - Completed simulation for seed 1
2025-07-05 03:28:32 | INFO     | __main__:<module>:291 - Starting simulation for seed 2
2025-07-05 03:28:33 | INFO     | __main__:<module>:345 - Running 5000000 MD steps for seed 2
2025-07-05 03:47:40 | INFO     | __main__:<module>:347 - Completed simulation for seed 2
2025-07-05 03:47:40 | INFO     | __main__:<module>:291 - Starting simulation for seed 3
2025-07-05 03:47:41 | INFO     | __main__:<module>:345 - Running 5000000 MD steps for seed 3
2025-07-05 04:08:16 | INFO     | __main__:<module>:347 - Completed simulation for seed 3
2025-07-05 04:08:16 | INFO     | __main__:<module>:291 - Starting simulation for seed 4
2025-07-05 04:08:18 | INFO     | __main__:<module>:345 - Running 5000000 MD steps for seed 4
2025-07-05 04:30:18 | INFO     | __main__:<module>:347 - Completed simulation for seed 4
2025-07-05 04:30:18 | INFO     | __main__:<module>:291 - Starting simulation for seed 5
2025-07-05 04:30:19 | INFO     | __main__:<module>:345 - Running 5000000 MD steps for seed 5
2025-07-05 04:53:42 | INFO     | __main__:<module>:347 - Completed simulation for seed 5
2025-07-05 04:53:42 | INFO     | __main__:<module>:291 - Starting simulation for seed 6
2025-07-05 04:53:43 | INFO     | __main__:<module>:345 - Running 5000000 MD steps for seed 6
2025-07-05 05:18:50 | INFO     | __main__:<module>:347 - Completed simulation for seed 6
2025-07-05 05:18:51 | INFO     | __main__:<module>:291 - Starting simulation for seed 7
2025-07-05 05:18:52 | INFO     | __main__:<module>:345 - Running 5000000 MD steps for seed 7
2025-07-05 05:45:14 | INFO     | __main__:<module>:347 - Completed simulation for seed 7
2025-07-05 05:45:14 | INFO     | __main__:<module>:291 - Starting simulation for seed 8
2025-07-05 05:45:15 | INFO     | __main__:<module>:345 - Running 5000000 MD steps for seed 8
2025-07-05 06:12:45 | INFO     | __main__:<module>:347 - Completed simulation for seed 8
2025-07-05 06:12:45 | INFO     | __main__:<module>:291 - Starting simulation for seed 9
2025-07-05 06:12:47 | INFO     | __main__:<module>:345 - Running 5000000 MD steps for seed 9
2025-07-05 06:41:33 | INFO     | __main__:<module>:347 - Completed simulation for seed 9
2025-07-05 06:41:33 | INFO     | __main__:<module>:349 - ----------========== MD Simulations Complete ==========----------
2025-07-05 06:41:33 | INFO     | __main__:<module>:350 - All results saved to: /home/bfd21/rds/rds-ab_non_specific-7ZL1FWpHG4k/pyclops/pyclops/losses/kdes/_records/_simulations/amide
